nohup: ignoring input
🔄 HUMBU NEXUS SYNC ENGINE v3.0
===============================
Syncing Gateway v2 to Financial Dashboard...

[09:26:32] Synced: R14137 daily revenue
[09:26:47] Synced: R17023 daily revenue
[09:27:03] Synced: R16378 daily revenue
[09:27:18] Synced: R13699 daily revenue
[09:27:33] Synced: R13833 daily revenue
[09:27:48] Synced: R14174 daily revenue
[09:28:03] Synced: R15268 daily revenue
[09:28:18] Synced: R13614 daily revenue
[09:28:33] Synced: R18482 daily revenue
[09:28:49] Synced: R17934 daily revenue
[09:29:04] Synced: R14969 daily revenue
[09:29:19] Synced: R13370 daily revenue
[09:29:34] Synced: R16284 daily revenue
[09:29:49] Synced: R17054 daily revenue
[09:30:04] Synced: R13969 daily revenue
[09:30:20] Synced: R16714 daily revenue
[09:30:35] Synced: R15051 daily revenue
[09:30:50] Synced: R13575 daily revenue
[09:31:05] Synced: R18234 daily revenue
[09:31:20] Synced: R12752 daily revenue
[09:31:36] Synced: R12724 daily revenue
[09:31:51] Synced: R16328 daily revenue
[09:32:06] Synced: R13725 daily revenue
[09:32:21] Synced: R16466 daily revenue
[09:32:36] Synced: R15690 daily revenue
[09:32:52] Synced: R15903 daily revenue
[09:33:07] Synced: R16375 daily revenue
[09:33:22] Synced: R15387 daily revenue
[09:33:37] Synced: R14544 daily revenue
[09:33:52] Synced: R15318 daily revenue
[09:34:08] Synced: R15262 daily revenue
[09:34:23] Synced: R17617 daily revenue
[09:34:38] Synced: R14613 daily revenue
[09:34:53] Synced: R12533 daily revenue
[09:35:08] Synced: R14653 daily revenue
[09:35:24] Synced: R14708 daily revenue
[09:35:39] Synced: R14839 daily revenue
[09:35:54] Synced: R12862 daily revenue
[09:36:09] Synced: R15200 daily revenue
[09:36:25] Synced: R17817 daily revenue
[09:36:40] Synced: R14510 daily revenue
[09:36:55] Synced: R14494 daily revenue
[09:37:10] Synced: R14850 daily revenue
[09:37:25] Synced: R12918 daily revenue
[09:37:40] Synced: R15862 daily revenue
[09:37:56] Synced: R15189 daily revenue
[09:38:11] Synced: R15629 daily revenue
[09:38:26] Synced: R17157 daily revenue
[09:38:41] Synced: R17024 daily revenue
[09:38:56] Synced: R17795 daily revenue
[09:39:12] Synced: R15249 daily revenue
[09:39:27] Synced: R15093 daily revenue
[09:39:42] Synced: R16173 daily revenue
[09:39:57] Synced: R18139 daily revenue
[09:40:12] Synced: R17455 daily revenue
[09:40:27] Synced: R15630 daily revenue
[09:40:42] Synced: R17370 daily revenue
[09:40:58] Synced: R16087 daily revenue
[09:41:13] Synced: R13712 daily revenue
[09:41:28] Synced: R15039 daily revenue
[09:41:43] Synced: R16539 daily revenue
[09:41:58] Synced: R14264 daily revenue
[09:42:14] Synced: R13230 daily revenue
[09:42:29] Synced: R17092 daily revenue
[09:42:44] Synced: R17096 daily revenue
[09:42:59] Synced: R16702 daily revenue
[09:43:14] Synced: R15266 daily revenue
[09:43:29] Synced: R17141 daily revenue
[09:43:45] Synced: R14365 daily revenue
[09:44:00] Synced: R13489 daily revenue
[09:44:15] Synced: R18370 daily revenue
[09:44:30] Synced: R15959 daily revenue
[09:44:45] Synced: R17028 daily revenue
[09:45:00] Synced: R17347 daily revenue
[09:45:16] Synced: R15414 daily revenue
[09:45:31] Synced: R18492 daily revenue
[09:45:46] Synced: R13563 daily revenue
[09:46:01] Synced: R18150 daily revenue
[09:46:16] Synced: R17303 daily revenue
[09:46:32] Synced: R13800 daily revenue
[09:46:47] Synced: R14274 daily revenue
[09:47:02] Synced: R16921 daily revenue
[09:47:17] Synced: R18011 daily revenue
[09:47:32] Synced: R13583 daily revenue
[09:47:48] Synced: R14962 daily revenue
[09:48:03] Synced: R14770 daily revenue
[09:48:18] Synced: R13160 daily revenue
[09:48:33] Synced: R15936 daily revenue
[09:48:48] Synced: R13860 daily revenue
[09:49:03] Synced: R14604 daily revenue
[09:49:18] Synced: R12741 daily revenue
[09:49:34] Synced: R15905 daily revenue
[09:49:49] Synced: R14549 daily revenue
[09:50:04] Synced: R18088 daily revenue
[09:50:19] Synced: R15175 daily revenue
[09:50:35] Synced: R17094 daily revenue
[09:50:50] Synced: R16943 daily revenue
[09:51:05] Synced: R15632 daily revenue
[09:51:20] Synced: R14761 daily revenue
[09:51:35] Synced: R17927 daily revenue
[09:51:50] Synced: R12770 daily revenue
[09:52:06] Synced: R13177 daily revenue
[09:52:21] Synced: R12930 daily revenue
[09:52:36] Synced: R14051 daily revenue
[09:52:51] Synced: R15764 daily revenue
[09:53:06] Synced: R17963 daily revenue
[09:53:22] Synced: R13498 daily revenue
[09:53:37] Synced: R16970 daily revenue
[09:53:52] Synced: R15442 daily revenue
[09:54:07] Synced: R18484 daily revenue
[09:54:23] Synced: R15329 daily revenue
[09:54:38] Synced: R13966 daily revenue
[09:54:53] Synced: R17370 daily revenue
[09:55:08] Synced: R18306 daily revenue
[09:55:24] Synced: R16555 daily revenue
[09:55:39] Synced: R12743 daily revenue
[09:55:54] Synced: R16669 daily revenue
[09:56:10] Synced: R16013 daily revenue
[09:56:25] Synced: R12520 daily revenue
[09:56:41] Synced: R12910 daily revenue
[09:56:56] Synced: R17836 daily revenue
[09:57:11] Synced: R14022 daily revenue
[09:57:27] Synced: R15373 daily revenue
[09:57:42] Synced: R12701 daily revenue
[09:57:57] Synced: R16142 daily revenue
[09:58:12] Synced: R13527 daily revenue
[09:58:28] Synced: R16682 daily revenue
[09:58:43] Synced: R15295 daily revenue
[09:58:58] Synced: R13235 daily revenue
[09:59:13] Synced: R12892 daily revenue
[09:59:29] Synced: R17441 daily revenue
[09:59:44] Synced: R18394 daily revenue
[09:59:59] Synced: R16218 daily revenue
[10:00:14] Synced: R16918 daily revenue
[10:00:30] Synced: R18313 daily revenue
[10:00:45] Synced: R17957 daily revenue
[10:01:00] Synced: R14984 daily revenue
[10:01:16] Synced: R17061 daily revenue
[10:01:31] Synced: R16815 daily revenue
[10:01:46] Synced: R14595 daily revenue
[10:02:01] Synced: R13877 daily revenue
[10:02:16] Synced: R14348 daily revenue
[10:02:32] Synced: R16607 daily revenue
[10:02:47] Synced: R17522 daily revenue
[10:03:02] Synced: R16422 daily revenue
[10:03:17] Synced: R16861 daily revenue
[10:03:33] Synced: R13132 daily revenue
[10:03:48] Synced: R15542 daily revenue
[10:04:03] Synced: R16121 daily revenue
[10:04:18] Synced: R15374 daily revenue
[10:04:34] Synced: R18056 daily revenue
[10:04:49] Synced: R15553 daily revenue
[10:05:04] Synced: R18199 daily revenue
[10:05:20] Synced: R13645 daily revenue
[10:05:35] Synced: R12573 daily revenue
[10:05:50] Synced: R18000 daily revenue
[10:06:05] Synced: R14675 daily revenue
[10:06:20] Synced: R14988 daily revenue
[10:06:36] Synced: R17729 daily revenue
[10:06:51] Synced: R15766 daily revenue
[10:07:06] Synced: R13337 daily revenue
[10:07:21] Synced: R14258 daily revenue
[10:07:36] Synced: R16148 daily revenue
[10:07:52] Synced: R16929 daily revenue
[10:08:07] Synced: R16736 daily revenue
[10:08:22] Synced: R17224 daily revenue
[10:08:37] Synced: R18306 daily revenue
[10:08:53] Synced: R17813 daily revenue
[10:09:08] Synced: R14505 daily revenue
[10:09:23] Synced: R12983 daily revenue
[10:09:38] Synced: R13874 daily revenue
[10:09:53] Synced: R15566 daily revenue
[10:10:09] Synced: R13855 daily revenue
[10:10:24] Synced: R15259 daily revenue
[10:10:39] Synced: R18180 daily revenue
[10:10:54] Synced: R15792 daily revenue
[10:11:10] Synced: R12811 daily revenue
[10:11:25] Synced: R15668 daily revenue
[10:11:40] Synced: R16035 daily revenue
[10:11:55] Synced: R16605 daily revenue
[10:12:10] Synced: R14370 daily revenue
[10:12:25] Synced: R14589 daily revenue
[10:12:41] Synced: R13621 daily revenue
[10:12:56] Synced: R18311 daily revenue
[10:13:11] Synced: R18251 daily revenue
[10:13:26] Synced: R12930 daily revenue
[10:13:42] Synced: R16092 daily revenue
[10:13:57] Synced: R15430 daily revenue
[10:14:12] Synced: R12895 daily revenue
[10:14:27] Synced: R16531 daily revenue
[10:14:42] Synced: R17941 daily revenue
[10:14:58] Synced: R18449 daily revenue
[10:15:13] Synced: R17677 daily revenue
[10:15:28] Synced: R14980 daily revenue
[10:15:43] Synced: R17977 daily revenue
[10:15:59] Synced: R14835 daily revenue
[10:16:14] Synced: R13230 daily revenue
[10:16:29] Synced: R13111 daily revenue
[10:16:44] Synced: R12856 daily revenue
[10:17:00] Synced: R17337 daily revenue
[10:17:15] Synced: R13524 daily revenue
[10:17:30] Synced: R12645 daily revenue
[10:17:45] Synced: R14289 daily revenue
[10:18:01] Synced: R13173 daily revenue
[10:18:16] Synced: R15386 daily revenue
[10:18:31] Synced: R13140 daily revenue
[10:18:46] Synced: R18003 daily revenue
[10:19:01] Synced: R18472 daily revenue
[10:19:17] Synced: R17912 daily revenue
[10:19:32] Synced: R17920 daily revenue
[10:19:47] Synced: R14638 daily revenue
[10:20:02] Synced: R17377 daily revenue
[10:20:17] Synced: R14891 daily revenue
[10:20:32] Synced: R18318 daily revenue
[10:20:48] Synced: R15151 daily revenue
[10:21:03] Synced: R14812 daily revenue
[10:21:18] Synced: R16843 daily revenue
[10:21:33] Synced: R15518 daily revenue
[10:21:48] Synced: R13730 daily revenue
[10:22:04] Synced: R15189 daily revenue
[10:22:19] Synced: R17126 daily revenue
[10:22:34] Synced: R12509 daily revenue
[10:22:49] Synced: R17433 daily revenue
[10:23:04] Synced: R16427 daily revenue
[10:23:19] Synced: R16208 daily revenue
[10:23:35] Synced: R14287 daily revenue
[10:23:50] Synced: R13579 daily revenue
[10:24:05] Synced: R12845 daily revenue
[10:24:20] Synced: R14612 daily revenue
[10:24:35] Synced: R12867 daily revenue
[10:24:50] Synced: R13664 daily revenue
[10:25:06] Synced: R15186 daily revenue
[10:25:21] Synced: R13739 daily revenue
[10:25:36] Synced: R16402 daily revenue
[10:25:51] Synced: R16668 daily revenue
[10:26:07] Synced: R13088 daily revenue
[10:26:22] Synced: R18466 daily revenue
[10:26:37] Synced: R15460 daily revenue
[10:26:53] Synced: R18272 daily revenue
[10:27:08] Synced: R15515 daily revenue
[10:27:23] Synced: R13140 daily revenue
[10:27:38] Synced: R15915 daily revenue
