nohup: ignoring input
::ffff:127.0.0.1 - - [04/Jan/2026 22:30:20] "GET / HTTP/1.1" 304 -
::ffff:127.0.0.1 - - [04/Jan/2026 22:30:27] "GET / HTTP/1.1" 304 -
::1 - - [04/Jan/2026 22:30:30] "GET / HTTP/1.1" 200 -
::ffff:127.0.0.1 - - [04/Jan/2026 22:30:30] "GET / HTTP/1.1" 304 -
::1 - - [04/Jan/2026 22:30:30] "GET / HTTP/1.1" 200 -
::1 - - [04/Jan/2026 22:31:30] "GET / HTTP/1.1" 200 -
::1 - - [04/Jan/2026 22:31:30] "GET / HTTP/1.1" 200 -
::1 - - [04/Jan/2026 22:32:30] "GET / HTTP/1.1" 200 -
::1 - - [04/Jan/2026 22:32:30] "GET / HTTP/1.1" 200 -
::1 - - [04/Jan/2026 22:33:30] "GET / HTTP/1.1" 200 -
::1 - - [04/Jan/2026 22:33:30] "GET / HTTP/1.1" 200 -
::ffff:127.0.0.1 - - [04/Jan/2026 22:33:41] "HEAD / HTTP/1.1" 200 -
::1 - - [04/Jan/2026 22:34:30] "GET / HTTP/1.1" 200 -
::1 - - [04/Jan/2026 22:34:30] "GET / HTTP/1.1" 200 -
::1 - - [04/Jan/2026 22:35:31] "GET / HTTP/1.1" 200 -
::1 - - [04/Jan/2026 22:35:31] "GET / HTTP/1.1" 200 -
::1 - - [04/Jan/2026 22:36:31] "GET / HTTP/1.1" 200 -
::1 - - [04/Jan/2026 22:36:31] "GET / HTTP/1.1" 200 -
::1 - - [04/Jan/2026 22:37:31] "GET / HTTP/1.1" 200 -
::1 - - [04/Jan/2026 22:37:31] "GET / HTTP/1.1" 200 -
::1 - - [04/Jan/2026 22:38:31] "GET / HTTP/1.1" 200 -
::1 - - [04/Jan/2026 22:38:31] "GET / HTTP/1.1" 200 -
::1 - - [04/Jan/2026 22:39:31] "GET / HTTP/1.1" 200 -
::1 - - [04/Jan/2026 22:39:31] "GET / HTTP/1.1" 200 -
::1 - - [04/Jan/2026 22:40:31] "GET / HTTP/1.1" 200 -
::1 - - [04/Jan/2026 22:40:31] "GET / HTTP/1.1" 200 -
::1 - - [04/Jan/2026 22:41:31] "GET / HTTP/1.1" 200 -
::1 - - [04/Jan/2026 22:41:31] "GET / HTTP/1.1" 200 -
::1 - - [04/Jan/2026 22:42:31] "GET / HTTP/1.1" 200 -
::1 - - [04/Jan/2026 22:42:31] "GET / HTTP/1.1" 200 -
::1 - - [04/Jan/2026 22:43:32] "GET / HTTP/1.1" 200 -
::1 - - [04/Jan/2026 22:43:32] "GET / HTTP/1.1" 200 -
::1 - - [04/Jan/2026 22:44:32] "GET / HTTP/1.1" 200 -
::1 - - [04/Jan/2026 22:44:32] "GET / HTTP/1.1" 200 -
::1 - - [04/Jan/2026 22:45:32] "GET / HTTP/1.1" 200 -
::1 - - [04/Jan/2026 22:45:32] "GET / HTTP/1.1" 200 -
::1 - - [04/Jan/2026 22:46:32] "GET / HTTP/1.1" 200 -
::1 - - [04/Jan/2026 22:46:32] "GET / HTTP/1.1" 200 -
::1 - - [04/Jan/2026 22:47:32] "GET / HTTP/1.1" 200 -
::1 - - [04/Jan/2026 22:47:32] "GET / HTTP/1.1" 200 -
::1 - - [04/Jan/2026 22:48:32] "GET / HTTP/1.1" 200 -
::1 - - [04/Jan/2026 22:48:32] "GET / HTTP/1.1" 200 -
::1 - - [04/Jan/2026 22:49:32] "GET / HTTP/1.1" 200 -
::1 - - [04/Jan/2026 22:49:32] "GET / HTTP/1.1" 200 -
::1 - - [04/Jan/2026 22:50:32] "GET / HTTP/1.1" 200 -
::1 - - [04/Jan/2026 22:50:32] "GET / HTTP/1.1" 200 -
::1 - - [04/Jan/2026 22:51:32] "GET / HTTP/1.1" 200 -
::1 - - [04/Jan/2026 22:51:32] "GET / HTTP/1.1" 200 -
::1 - - [04/Jan/2026 22:52:32] "GET / HTTP/1.1" 200 -
::1 - - [04/Jan/2026 22:52:33] "GET / HTTP/1.1" 200 -
::1 - - [04/Jan/2026 22:53:33] "GET / HTTP/1.1" 200 -
::1 - - [04/Jan/2026 22:53:33] "GET / HTTP/1.1" 200 -
::1 - - [04/Jan/2026 22:54:33] "GET / HTTP/1.1" 200 -
::1 - - [04/Jan/2026 22:54:33] "GET / HTTP/1.1" 200 -
::1 - - [04/Jan/2026 22:55:33] "GET / HTTP/1.1" 200 -
::1 - - [04/Jan/2026 22:55:33] "GET / HTTP/1.1" 200 -
::1 - - [04/Jan/2026 22:56:33] "GET / HTTP/1.1" 200 -
::1 - - [04/Jan/2026 22:56:33] "GET / HTTP/1.1" 200 -
::1 - - [04/Jan/2026 22:57:33] "GET / HTTP/1.1" 200 -
::1 - - [04/Jan/2026 22:57:33] "GET / HTTP/1.1" 200 -
::1 - - [04/Jan/2026 22:58:33] "GET / HTTP/1.1" 200 -
::1 - - [04/Jan/2026 22:58:33] "GET / HTTP/1.1" 200 -
::1 - - [04/Jan/2026 22:59:33] "GET / HTTP/1.1" 200 -
::1 - - [04/Jan/2026 22:59:33] "GET / HTTP/1.1" 200 -
::1 - - [04/Jan/2026 23:00:33] "GET / HTTP/1.1" 200 -
::1 - - [04/Jan/2026 23:00:33] "GET / HTTP/1.1" 200 -
::1 - - [04/Jan/2026 23:01:33] "GET / HTTP/1.1" 200 -
::1 - - [04/Jan/2026 23:01:34] "GET / HTTP/1.1" 200 -
::1 - - [04/Jan/2026 23:02:34] "GET / HTTP/1.1" 200 -
::1 - - [04/Jan/2026 23:02:34] "GET / HTTP/1.1" 200 -
::1 - - [04/Jan/2026 23:03:34] "GET / HTTP/1.1" 200 -
::1 - - [04/Jan/2026 23:03:34] "GET / HTTP/1.1" 200 -
::1 - - [04/Jan/2026 23:04:34] "GET / HTTP/1.1" 200 -
::1 - - [04/Jan/2026 23:04:34] "GET / HTTP/1.1" 200 -
::1 - - [04/Jan/2026 23:05:34] "GET / HTTP/1.1" 200 -
::1 - - [04/Jan/2026 23:05:34] "GET / HTTP/1.1" 200 -
::1 - - [04/Jan/2026 23:06:34] "GET / HTTP/1.1" 200 -
::1 - - [04/Jan/2026 23:06:34] "GET / HTTP/1.1" 200 -
::1 - - [04/Jan/2026 23:07:34] "GET / HTTP/1.1" 200 -
::1 - - [04/Jan/2026 23:07:34] "GET / HTTP/1.1" 200 -
::1 - - [04/Jan/2026 23:08:34] "GET / HTTP/1.1" 200 -
::1 - - [04/Jan/2026 23:08:34] "GET / HTTP/1.1" 200 -
::1 - - [04/Jan/2026 23:09:35] "GET / HTTP/1.1" 200 -
::1 - - [04/Jan/2026 23:09:35] "GET / HTTP/1.1" 200 -
::1 - - [04/Jan/2026 23:10:35] "GET / HTTP/1.1" 200 -
::1 - - [04/Jan/2026 23:10:35] "GET / HTTP/1.1" 200 -
::1 - - [04/Jan/2026 23:11:35] "GET / HTTP/1.1" 200 -
::1 - - [04/Jan/2026 23:11:35] "GET / HTTP/1.1" 200 -
::1 - - [04/Jan/2026 23:12:30] "GET / HTTP/1.1" 200 -
::1 - - [04/Jan/2026 23:12:30] "GET /fleet_telemetry.json HTTP/1.1" 200 -
::1 - - [04/Jan/2026 23:12:30] code 404, message File not found
::1 - - [04/Jan/2026 23:12:30] "GET /favicon.ico HTTP/1.1" 404 -
::ffff:127.0.0.1 - - [04/Jan/2026 23:12:34] "GET / HTTP/1.1" 304 -
::ffff:127.0.0.1 - - [04/Jan/2026 23:12:34] "GET /fleet_telemetry.json HTTP/1.1" 304 -
::1 - - [04/Jan/2026 23:12:35] "GET / HTTP/1.1" 200 -
::1 - - [04/Jan/2026 23:12:35] "GET / HTTP/1.1" 200 -
::1 - - [04/Jan/2026 23:13:35] "GET / HTTP/1.1" 200 -
::1 - - [04/Jan/2026 23:13:35] "GET / HTTP/1.1" 200 -
::1 - - [04/Jan/2026 23:14:35] "GET / HTTP/1.1" 200 -
::1 - - [04/Jan/2026 23:14:35] "GET / HTTP/1.1" 200 -
::1 - - [04/Jan/2026 23:15:35] "GET / HTTP/1.1" 200 -
::1 - - [04/Jan/2026 23:15:36] "GET / HTTP/1.1" 200 -
::1 - - [04/Jan/2026 23:16:36] "GET / HTTP/1.1" 200 -
::1 - - [04/Jan/2026 23:16:36] "GET / HTTP/1.1" 200 -
::1 - - [04/Jan/2026 23:17:36] "GET / HTTP/1.1" 200 -
::1 - - [04/Jan/2026 23:17:36] "GET / HTTP/1.1" 200 -
::1 - - [04/Jan/2026 23:18:36] "GET / HTTP/1.1" 200 -
::1 - - [04/Jan/2026 23:18:36] "GET / HTTP/1.1" 200 -
::1 - - [04/Jan/2026 23:19:36] "GET / HTTP/1.1" 200 -
::1 - - [04/Jan/2026 23:19:36] "GET / HTTP/1.1" 200 -
::1 - - [04/Jan/2026 23:20:36] "GET / HTTP/1.1" 200 -
::1 - - [04/Jan/2026 23:20:36] "GET / HTTP/1.1" 200 -
::1 - - [04/Jan/2026 23:21:36] "GET / HTTP/1.1" 200 -
::1 - - [04/Jan/2026 23:21:36] "GET / HTTP/1.1" 200 -
::1 - - [04/Jan/2026 23:22:37] "GET / HTTP/1.1" 200 -
::1 - - [04/Jan/2026 23:22:37] "GET / HTTP/1.1" 200 -
::1 - - [04/Jan/2026 23:23:37] "GET / HTTP/1.1" 200 -
::1 - - [04/Jan/2026 23:23:37] "GET / HTTP/1.1" 200 -
::1 - - [04/Jan/2026 23:24:37] "GET / HTTP/1.1" 200 -
::1 - - [04/Jan/2026 23:24:37] "GET / HTTP/1.1" 200 -
