🌟 HUMBU CEO'S CHAMPION REPORT - 2025-12-30
============================================================
Traceback (most recent call last):
  File "/data/data/com.termux/files/home/humbu_community_nexus/champion_motivation.py", line 41, in <module>
    generate_motivation()
  File "/data/data/com.termux/files/home/humbu_community_nexus/champion_motivation.py", line 12, in generate_motivation
    cursor.execute("SELECT SUM(price * stock_quantity) FROM marketplace WHERE category = 'Agriculture'")
sqlite3.OperationalError: no such table: marketplace
🌟 HUMBU CEO'S CHAMPION REPORT - 2025-12-31
============================================================
Traceback (most recent call last):
  File "/data/data/com.termux/files/home/humbu_community_nexus/champion_motivation.py", line 41, in <module>
    generate_motivation()
  File "/data/data/com.termux/files/home/humbu_community_nexus/champion_motivation.py", line 12, in generate_motivation
    cursor.execute("SELECT SUM(price * stock_quantity) FROM marketplace WHERE category = 'Agriculture'")
sqlite3.OperationalError: no such table: marketplace
🌟 HUMBU CEO'S CHAMPION REPORT - 2026-01-01
============================================================
Traceback (most recent call last):
  File "/data/data/com.termux/files/home/humbu_community_nexus/champion_motivation.py", line 41, in <module>
    generate_motivation()
  File "/data/data/com.termux/files/home/humbu_community_nexus/champion_motivation.py", line 12, in generate_motivation
    cursor.execute("SELECT SUM(price * stock_quantity) FROM marketplace WHERE category = 'Agriculture'")
sqlite3.OperationalError: no such table: marketplace
